<?xml version="1.0" encoding="UTF-8" ?>
<testsuite failures="0" time="0.02" errors="0" skipped="0" tests="1" name="se.su.it.pcap2neo.AppTest">
  <properties>
    <property name="java.runtime.name" value="Java(TM) SE Runtime Environment"/>
    <property name="sun.boot.library.path" value="/usr/lib/jvm/java-6-sun-1.6.0.20/jre/lib/i386"/>
    <property name="java.vm.version" value="16.3-b01"/>
    <property name="java.vm.vendor" value="Sun Microsystems Inc."/>
    <property name="java.vendor.url" value="http://java.sun.com/"/>
    <property name="path.separator" value=":"/>
    <property name="java.vm.name" value="Java HotSpot(TM) Server VM"/>
    <property name="file.encoding.pkg" value="sun.io"/>
    <property name="user.country" value="US"/>
    <property name="sun.java.launcher" value="SUN_STANDARD"/>
    <property name="sun.os.patch.level" value="unknown"/>
    <property name="java.vm.specification.name" value="Java Virtual Machine Specification"/>
    <property name="user.dir" value="/opt/workspace/pcap2neo"/>
    <property name="java.runtime.version" value="1.6.0_20-b02"/>
    <property name="java.awt.graphicsenv" value="sun.awt.X11GraphicsEnvironment"/>
    <property name="basedir" value="/opt/workspace/pcap2neo"/>
    <property name="java.endorsed.dirs" value="/usr/lib/jvm/java-6-sun-1.6.0.20/jre/lib/endorsed"/>
    <property name="os.arch" value="i386"/>
    <property name="surefire.real.class.path" value="/tmp/surefirebooter1272935823762498420.jar"/>
    <property name="java.io.tmpdir" value="/tmp"/>
    <property name="line.separator" value="
"/>
    <property name="java.vm.specification.vendor" value="Sun Microsystems Inc."/>
    <property name="os.name" value="Linux"/>
    <property name="sun.jnu.encoding" value="UTF-8"/>
    <property name="java.library.path" value="/usr/lib/jvm/java-6-sun-1.6.0.20/jre/lib/i386/server:/usr/lib/jvm/java-6-sun-1.6.0.20/jre/lib/i386:/usr/lib/jvm/java-6-sun-1.6.0.20/jre/../lib/i386:/usr/lib/jvm/java-6-sun-1.6.0.20/jre/lib/i386/client:/usr/lib/jvm/java-6-sun-1.6.0.20/jre/lib/i386:/usr/lib/xulrunner-addons:/usr/lib/xulrunner-addons:/usr/java/packages/lib/i386:/lib:/usr/lib"/>
    <property name="surefire.test.class.path" value="/opt/workspace/pcap2neo/target/test-classes:/opt/workspace/pcap2neo/target/classes:/home/lwid/.m2/repository/junit/junit/3.8.1/junit-3.8.1.jar:/home/lwid/.m2/repository/org/neo4j/neo4j-kernel/1.2-1.2.M02/neo4j-kernel-1.2-1.2.M02.jar:/home/lwid/.m2/repository/org/apache/geronimo/specs/geronimo-jta_1.1_spec/1.1.1/geronimo-jta_1.1_spec-1.1.1.jar:/home/lwid/.m2/repository/org/neo4j/neo4j-index/1.2-1.2.M02/neo4j-index-1.2-1.2.M02.jar:/home/lwid/.m2/repository/org/apache/servicemix/bundles/org.apache.servicemix.bundles.lucene/3.0.1_2/org.apache.servicemix.bundles.lucene-3.0.1_2.jar:/home/lwid/.m2/repository/org/neo4j/neo4j-lucene-index/0.2-1.2.M02/neo4j-lucene-index-0.2-1.2.M02.jar:/home/lwid/.m2/repository/org/neo4j/neo4j-shell/1.2-1.2.M02/neo4j-shell-1.2-1.2.M02.jar:/home/lwid/.m2/repository/org/apache/servicemix/bundles/org.apache.servicemix.bundles.jline/0.9.94_1/org.apache.servicemix.bundles.jline-0.9.94_1.jar:/home/lwid/.m2/repository/org/neo4j/neo4j-remote-graphdb/0.8-1.2.M02/neo4j-remote-graphdb-0.8-1.2.M02.jar:/home/lwid/.m2/repository/com/google/protobuf/protobuf-java/2.3.0/protobuf-java-2.3.0.jar:/home/lwid/.m2/repository/org/neo4j/neo4j-graph-algo/0.7-1.2.M02/neo4j-graph-algo-0.7-1.2.M02.jar:/home/lwid/.m2/repository/org/neo4j/neo4j-online-backup/0.7-1.2.M02/neo4j-online-backup-0.7-1.2.M02.jar:/home/lwid/.m2/repository/org/neo4j/neo4j-udc/0.1-1.2.M02/neo4j-udc-0.1-1.2.M02.jar:/home/lwid/.m2/repository/org/springframework/spring-context/3.0.0.RELEASE/spring-context-3.0.0.RELEASE.jar:/home/lwid/.m2/repository/org/springframework/spring-beans/3.0.0.RELEASE/spring-beans-3.0.0.RELEASE.jar:/home/lwid/.m2/repository/org/springframework/spring-core/3.0.0.RELEASE/spring-core-3.0.0.RELEASE.jar:/home/lwid/.m2/repository/org/springframework/spring-asm/3.0.0.RELEASE/spring-asm-3.0.0.RELEASE.jar:/home/lwid/.m2/repository/commons-logging/commons-logging/1.1.1/commons-logging-1.1.1.jar:/home/lwid/.m2/repository/org/springframework/spring-expression/3.0.0.RELEASE/spring-expression-3.0.0.RELEASE.jar:/home/lwid/.m2/repository/log4j/log4j/1.2.15/log4j-1.2.15.jar:/home/lwid/.m2/repository/javax/mail/mail/1.4/mail-1.4.jar:/home/lwid/.m2/repository/javax/activation/activation/1.1/activation-1.1.jar:/home/lwid/.m2/repository/javax/jms/jms/1.1/jms-1.1.jar:/home/lwid/.m2/repository/com/sun/jdmk/jmxtools/1.2.1/jmxtools-1.2.1.jar:/home/lwid/.m2/repository/com/sun/jmx/jmxri/1.2.1/jmxri-1.2.1.jar:"/>
    <property name="java.specification.name" value="Java Platform API Specification"/>
    <property name="java.class.version" value="50.0"/>
    <property name="sun.management.compiler" value="HotSpot Tiered Compilers"/>
    <property name="os.version" value="2.6.32-25-generic-pae"/>
    <property name="user.home" value="/home/lwid"/>
    <property name="user.timezone" value=""/>
    <property name="java.awt.printerjob" value="sun.print.PSPrinterJob"/>
    <property name="file.encoding" value="UTF-8"/>
    <property name="java.specification.version" value="1.6"/>
    <property name="user.name" value="lwid"/>
    <property name="java.class.path" value="/opt/workspace/pcap2neo/target/test-classes:/opt/workspace/pcap2neo/target/classes:/home/lwid/.m2/repository/junit/junit/3.8.1/junit-3.8.1.jar:/home/lwid/.m2/repository/org/neo4j/neo4j-kernel/1.2-1.2.M02/neo4j-kernel-1.2-1.2.M02.jar:/home/lwid/.m2/repository/org/apache/geronimo/specs/geronimo-jta_1.1_spec/1.1.1/geronimo-jta_1.1_spec-1.1.1.jar:/home/lwid/.m2/repository/org/neo4j/neo4j-index/1.2-1.2.M02/neo4j-index-1.2-1.2.M02.jar:/home/lwid/.m2/repository/org/apache/servicemix/bundles/org.apache.servicemix.bundles.lucene/3.0.1_2/org.apache.servicemix.bundles.lucene-3.0.1_2.jar:/home/lwid/.m2/repository/org/neo4j/neo4j-lucene-index/0.2-1.2.M02/neo4j-lucene-index-0.2-1.2.M02.jar:/home/lwid/.m2/repository/org/neo4j/neo4j-shell/1.2-1.2.M02/neo4j-shell-1.2-1.2.M02.jar:/home/lwid/.m2/repository/org/apache/servicemix/bundles/org.apache.servicemix.bundles.jline/0.9.94_1/org.apache.servicemix.bundles.jline-0.9.94_1.jar:/home/lwid/.m2/repository/org/neo4j/neo4j-remote-graphdb/0.8-1.2.M02/neo4j-remote-graphdb-0.8-1.2.M02.jar:/home/lwid/.m2/repository/com/google/protobuf/protobuf-java/2.3.0/protobuf-java-2.3.0.jar:/home/lwid/.m2/repository/org/neo4j/neo4j-graph-algo/0.7-1.2.M02/neo4j-graph-algo-0.7-1.2.M02.jar:/home/lwid/.m2/repository/org/neo4j/neo4j-online-backup/0.7-1.2.M02/neo4j-online-backup-0.7-1.2.M02.jar:/home/lwid/.m2/repository/org/neo4j/neo4j-udc/0.1-1.2.M02/neo4j-udc-0.1-1.2.M02.jar:/home/lwid/.m2/repository/org/springframework/spring-context/3.0.0.RELEASE/spring-context-3.0.0.RELEASE.jar:/home/lwid/.m2/repository/org/springframework/spring-beans/3.0.0.RELEASE/spring-beans-3.0.0.RELEASE.jar:/home/lwid/.m2/repository/org/springframework/spring-core/3.0.0.RELEASE/spring-core-3.0.0.RELEASE.jar:/home/lwid/.m2/repository/org/springframework/spring-asm/3.0.0.RELEASE/spring-asm-3.0.0.RELEASE.jar:/home/lwid/.m2/repository/commons-logging/commons-logging/1.1.1/commons-logging-1.1.1.jar:/home/lwid/.m2/repository/org/springframework/spring-expression/3.0.0.RELEASE/spring-expression-3.0.0.RELEASE.jar:/home/lwid/.m2/repository/log4j/log4j/1.2.15/log4j-1.2.15.jar:/home/lwid/.m2/repository/javax/mail/mail/1.4/mail-1.4.jar:/home/lwid/.m2/repository/javax/activation/activation/1.1/activation-1.1.jar:/home/lwid/.m2/repository/javax/jms/jms/1.1/jms-1.1.jar:/home/lwid/.m2/repository/com/sun/jdmk/jmxtools/1.2.1/jmxtools-1.2.1.jar:/home/lwid/.m2/repository/com/sun/jmx/jmxri/1.2.1/jmxri-1.2.1.jar:"/>
    <property name="java.vm.specification.version" value="1.0"/>
    <property name="sun.arch.data.model" value="32"/>
    <property name="java.home" value="/usr/lib/jvm/java-6-sun-1.6.0.20/jre"/>
    <property name="java.specification.vendor" value="Sun Microsystems Inc."/>
    <property name="user.language" value="en"/>
    <property name="java.vm.info" value="mixed mode"/>
    <property name="java.version" value="1.6.0_20"/>
    <property name="java.ext.dirs" value="/usr/lib/jvm/java-6-sun-1.6.0.20/jre/lib/ext:/usr/java/packages/lib/ext"/>
    <property name="sun.boot.class.path" value="/usr/lib/jvm/java-6-sun-1.6.0.20/jre/lib/resources.jar:/usr/lib/jvm/java-6-sun-1.6.0.20/jre/lib/rt.jar:/usr/lib/jvm/java-6-sun-1.6.0.20/jre/lib/sunrsasign.jar:/usr/lib/jvm/java-6-sun-1.6.0.20/jre/lib/jsse.jar:/usr/lib/jvm/java-6-sun-1.6.0.20/jre/lib/jce.jar:/usr/lib/jvm/java-6-sun-1.6.0.20/jre/lib/charsets.jar:/usr/lib/jvm/java-6-sun-1.6.0.20/jre/classes"/>
    <property name="java.vendor" value="Sun Microsystems Inc."/>
    <property name="localRepository" value="/home/lwid/.m2/repository"/>
    <property name="file.separator" value="/"/>
    <property name="java.vendor.url.bug" value="http://java.sun.com/cgi-bin/bugreport.cgi"/>
    <property name="sun.cpu.endian" value="little"/>
    <property name="sun.io.unicode.encoding" value="UnicodeLittle"/>
    <property name="sun.cpu.isalist" value=""/>
  </properties>
  <testcase time="0.002" classname="se.su.it.pcap2neo.AppTest" name="testApp"/>
</testsuite>